# JRE version: Java(TM) SE Runtime Environment (7.0_40-b43) (build 1.7.0_40-b43)
# Java VM: Java HotSpot(TM) 64-Bit Server VM (24.0-b56 mixed mode bsd-amd64 compressed oops)
Heap
 PSYoungGen      total 629248K, used 580352K [0x00000007d5500000, 0x0000000800000000, 0x0000000800000000)
  eden space 559104K, 100% used [0x00000007d5500000,0x00000007f7700000,0x00000007f7700000)
  from space 70144K, 30% used [0x00000007f7700000,0x00000007f8bc0000,0x00000007fbb80000)
  to   space 67072K, 33% used [0x00000007fbe80000,0x00000007fd448000,0x0000000800000000)
 ParOldGen       total 535552K, used 266155K [0x0000000780000000, 0x00000007a0b00000, 0x00000007d5500000)
  object space 535552K, 49% used [0x0000000780000000,0x00000007903ead70,0x00000007a0b00000)
 PSPermGen       total 33280K, used 29194K [0x000000077ae00000, 0x000000077ce80000, 0x0000000780000000)
  object space 33280K, 87% used [0x000000077ae00000,0x000000077ca82850,0x000000077ce80000)
GC Heap History (10 events):
Event: 3961.884 GC heap after
Heap after GC invocations=272 (full 19):
 PSYoungGen      total 625664K, used 27328K [0x00000007d5500000, 0x00000007ffe80000, 0x0000000800000000)
  eden space 560128K, 0% used [0x00000007d5500000,0x00000007d5500000,0x00000007f7800000)
  from space 65536K, 41% used [0x00000007f7800000,0x00000007f92b0000,0x00000007fb800000)
  to   space 61952K, 0% used [0x00000007fc200000,0x00000007fc200000,0x00000007ffe80000)
 ParOldGen       total 535552K, used 157030K [0x0000000780000000, 0x00000007a0b00000, 0x00000007d5500000)
  object space 535552K, 29% used [0x0000000780000000,0x00000007899598c8,0x00000007a0b00000)
 PSPermGen       total 33280K, used 29192K [0x000000077ae00000, 0x000000077ce80000, 0x0000000780000000)
  object space 33280K, 87% used [0x000000077ae00000,0x000000077ca820f0,0x000000077ce80000)
}
Event: 3962.343 GC heap before
{Heap before GC invocations=273 (full 19):
 PSYoungGen      total 625664K, used 587456K [0x00000007d5500000, 0x00000007ffe80000, 0x0000000800000000)
  eden space 560128K, 100% used [0x00000007d5500000,0x00000007f7800000,0x00000007f7800000)
  from space 65536K, 41% used [0x00000007f7800000,0x00000007f92b0000,0x00000007fb800000)
  to   space 61952K, 0% used [0x00000007fc200000,0x00000007fc200000,0x00000007ffe80000)
 ParOldGen       total 535552K, used 157030K [0x0000000780000000, 0x00000007a0b00000, 0x00000007d5500000)
  object space 535552K, 29% used [0x0000000780000000,0x00000007899598c8,0x00000007a0b00000)
 PSPermGen       total 33280K, used 29192K [0x000000077ae00000, 0x000000077ce80000, 0x0000000780000000)
  object space 33280K, 87% used [0x000000077ae00000,0x000000077ca820f0,0x000000077ce80000)
Event: 3962.408 GC heap after
Heap after GC invocations=273 (full 19):
 PSYoungGen      total 630784K, used 10240K [0x00000007d5500000, 0x00000007ffb80000, 0x0000000800000000)
  eden space 571904K, 0% used [0x00000007d5500000,0x00000007d5500000,0x00000007f8380000)
  from space 58880K, 17% used [0x00000007fc200000,0x00000007fcc00000,0x00000007ffb80000)
  to   space 61440K, 0% used [0x00000007f8380000,0x00000007f8380000,0x00000007fbf80000)
 ParOldGen       total 535552K, used 184326K [0x0000000780000000, 0x00000007a0b00000, 0x00000007d5500000)
  object space 535552K, 34% used [0x0000000780000000,0x000000078b4018c8,0x00000007a0b00000)
 PSPermGen       total 33280K, used 29192K [0x000000077ae00000, 0x000000077ce80000, 0x0000000780000000)
  object space 33280K, 87% used [0x000000077ae00000,0x000000077ca820f0,0x000000077ce80000)
}
Event: 4008.253 GC heap before
{Heap before GC invocations=274 (full 19):
 PSYoungGen      total 630784K, used 582144K [0x00000007d5500000, 0x00000007ffb80000, 0x0000000800000000)
  eden space 571904K, 100% used [0x00000007d5500000,0x00000007f8380000,0x00000007f8380000)
  from space 58880K, 17% used [0x00000007fc200000,0x00000007fcc00000,0x00000007ffb80000)
  to   space 61440K, 0% used [0x00000007f8380000,0x00000007f8380000,0x00000007fbf80000)
 ParOldGen       total 535552K, used 184326K [0x0000000780000000, 0x00000007a0b00000, 0x00000007d5500000)
  object space 535552K, 34% used [0x0000000780000000,0x000000078b4018c8,0x00000007a0b00000)
 PSPermGen       total 33280K, used 29192K [0x000000077ae00000, 0x000000077ce80000, 0x0000000780000000)
  object space 33280K, 87% used [0x000000077ae00000,0x000000077ca820f0,0x000000077ce80000)
Event: 4008.258 GC heap after
Heap after GC invocations=274 (full 19):
 PSYoungGen      total 633344K, used 3777K [0x00000007d5500000, 0x0000000800000000, 0x0000000800000000)
  eden space 571904K, 0% used [0x00000007d5500000,0x00000007d5500000,0x00000007f8380000)
  from space 61440K, 6% used [0x00000007f8380000,0x00000007f8730598,0x00000007fbf80000)
  to   space 61440K, 0% used [0x00000007fc400000,0x00000007fc400000,0x0000000800000000)
 ParOldGen       total 535552K, used 184326K [0x0000000780000000, 0x00000007a0b00000, 0x00000007d5500000)
  object space 535552K, 34% used [0x0000000780000000,0x000000078b4018c8,0x00000007a0b00000)
 PSPermGen       total 33280K, used 29192K [0x000000077ae00000, 0x000000077ce80000, 0x0000000780000000)
  object space 33280K, 87% used [0x000000077ae00000,0x000000077ca820f0,0x000000077ce80000)
}
Event: 4023.698 GC heap before
{Heap before GC invocations=275 (full 19):
 PSYoungGen      total 633344K, used 575681K [0x00000007d5500000, 0x0000000800000000, 0x0000000800000000)
  eden space 571904K, 100% used [0x00000007d5500000,0x00000007f8380000,0x00000007f8380000)
  from space 61440K, 6% used [0x00000007f8380000,0x00000007f8730598,0x00000007fbf80000)
  to   space 61440K, 0% used [0x00000007fc400000,0x00000007fc400000,0x0000000800000000)
 ParOldGen       total 535552K, used 184326K [0x0000000780000000, 0x00000007a0b00000, 0x00000007d5500000)
  object space 535552K, 34% used [0x0000000780000000,0x000000078b4018c8,0x00000007a0b00000)
 PSPermGen       total 33280K, used 29194K [0x000000077ae00000, 0x000000077ce80000, 0x0000000780000000)
  object space 33280K, 87% used [0x000000077ae00000,0x000000077ca82850,0x000000077ce80000)
Event: 4023.732 GC heap after
Heap after GC invocations=275 (full 19):
 PSYoungGen      total 620544K, used 57179K [0x00000007d5500000, 0x0000000800000000, 0x0000000800000000)
  eden space 559104K, 0% used [0x00000007d5500000,0x00000007d5500000,0x00000007f7700000)
  from space 61440K, 93% used [0x00000007fc400000,0x00000007ffbd6ea0,0x0000000800000000)
  to   space 70144K, 0% used [0x00000007f7700000,0x00000007f7700000,0x00000007fbb80000)
 ParOldGen       total 535552K, used 187903K [0x0000000780000000, 0x00000007a0b00000, 0x00000007d5500000)
  object space 535552K, 35% used [0x0000000780000000,0x000000078b77fe60,0x00000007a0b00000)
 PSPermGen       total 33280K, used 29194K [0x000000077ae00000, 0x000000077ce80000, 0x0000000780000000)
  object space 33280K, 87% used [0x000000077ae00000,0x000000077ca82850,0x000000077ce80000)
}
Event: 4024.905 GC heap before
{Heap before GC invocations=276 (full 19):
 PSYoungGen      total 620544K, used 616283K [0x00000007d5500000, 0x0000000800000000, 0x0000000800000000)
  eden space 559104K, 100% used [0x00000007d5500000,0x00000007f7700000,0x00000007f7700000)
  from space 61440K, 93% used [0x00000007fc400000,0x00000007ffbd6ea0,0x0000000800000000)
  to   space 70144K, 0% used [0x00000007f7700000,0x00000007f7700000,0x00000007fbb80000)
 ParOldGen       total 535552K, used 187903K [0x0000000780000000, 0x00000007a0b00000, 0x00000007d5500000)
  object space 535552K, 35% used [0x0000000780000000,0x000000078b77fe60,0x00000007a0b00000)
 PSPermGen       total 33280K, used 29194K [0x000000077ae00000, 0x000000077ce80000, 0x0000000780000000)
  object space 33280K, 87% used [0x000000077ae00000,0x000000077ca82850,0x000000077ce80000)
Event: 4025.029 GC heap after
Heap after GC invocations=276 (full 19):
 PSYoungGen      total 629248K, used 21248K [0x00000007d5500000, 0x0000000800000000, 0x0000000800000000)
  eden space 559104K, 0% used [0x00000007d5500000,0x00000007d5500000,0x00000007f7700000)
  from space 70144K, 30% used [0x00000007f7700000,0x00000007f8bc0000,0x00000007fbb80000)
  to   space 67072K, 0% used [0x00000007fbe80000,0x00000007fbe80000,0x0000000800000000)
 ParOldGen       total 535552K, used 244995K [0x0000000780000000, 0x00000007a0b00000, 0x00000007d5500000)
  object space 535552K, 45% used [0x0000000780000000,0x000000078ef40d70,0x00000007a0b00000)
 PSPermGen       total 33280K, used 29194K [0x000000077ae00000, 0x000000077ce80000, 0x0000000780000000)
  object space 33280K, 87% used [0x000000077ae00000,0x000000077ca82850,0x000000077ce80000)
}
Event: 4026.267 GC heap before
{Heap before GC invocations=277 (full 19):
 PSYoungGen      total 629248K, used 580352K [0x00000007d5500000, 0x0000000800000000, 0x0000000800000000)
  eden space 559104K, 100% used [0x00000007d5500000,0x00000007f7700000,0x00000007f7700000)
  from space 70144K, 30% used [0x00000007f7700000,0x00000007f8bc0000,0x00000007fbb80000)
  to   space 67072K, 0% used [0x00000007fbe80000,0x00000007fbe80000,0x0000000800000000)
 ParOldGen       total 535552K, used 244995K [0x0000000780000000, 0x00000007a0b00000, 0x00000007d5500000)
  object space 535552K, 45% used [0x0000000780000000,0x000000078ef40d70,0x00000007a0b00000)
 PSPermGen       total 33280K, used 29194K [0x000000077ae00000, 0x000000077ce80000, 0x0000000780000000)
  object space 33280K, 87% used [0x000000077ae00000,0x000000077ca82850,0x000000077ce80000)

